#batteryCapacity:6000;;
#steerLimits:0;;
#kl:0;;
#kl:15;;
#instant:1;;
#battery:1;;
#imu:1;;
#resourceMonitor:1;;
#kl:30;;
#instant:1;;
#battery:1;;
#imu:1;;
#resourceMonitor:1;;
#speed:100;;
#steer:78;;
#steer:-121;;
#speed:100;;
#steer:-124;;
#speed:100;;
#steer:-123;;
#speed:100;;
#steer:-123;;
#speed:100;;
#steer:-120;;
#speed:100;;
#steer:-124;;
#speed:100;;
#steer:-130;;
#speed:100;;
#steer:-135;;
#speed:100;;
#steer:-135;;
#speed:100;;
#steer:-132;;
#speed:100;;
#steer:-121;;
#speed:100;;
#steer:-99;;
#speed:100;;
#steer:-57;;
#speed:100;;
#steer:-12;;
#speed:100;;
#steer:19;;
#speed:100;;
#steer:40;;
#speed:100;;
#steer:45;;
#speed:100;;
#steer:31;;
#speed:100;;
#steer:18;;
#speed:100;;
#steer:-22;;
#speed:100;;
#steer:-45;;
#speed:100;;
#steer:-72;;
#speed:100;;
#steer:-97;;
#speed:100;;
#steer:-129;;
#speed:100;;
#steer:-133;;
#speed:100;;
#steer:-115;;
#speed:100;;
#steer:-205;;
#speed:100;;
#steer:-277;;
#speed:100;;
#steer:-319;;
#speed:100;;
#steer:-310;;
#speed:100;;
#steer:-295;;
#speed:100;;
#steer:-280;;
#speed:100;;
#steer:-268;;
#speed:100;;
#steer:-268;;
#speed:100;;
#steer:-277;;
#speed:100;;
#steer:-288;;
#speed:100;;
#steer:-303;;
#speed:100;;
#steer:-316;;
#speed:100;;
#steer:-328;;
#speed:100;;
#steer:-334;;
#speed:100;;
#steer:-283;;
#speed:100;;
#kl:15;;
#instant:1;;
#battery:1;;
#imu:1;;
#resourceMonitor:1;;
#kl:0;;
#kl:15;;
#instant:1;;
#battery:1;;
#imu:1;;
#resourceMonitor:1;;
#kl:30;;
#instant:1;;
#battery:1;;
#imu:1;;
#resourceMonitor:1;;
#brake:0;;
#speed:100;;
#steer:-97;;
#steer:12;;
#speed:100;;
#steer:12;;
#speed:100;;
#steer:12;;
#speed:100;;
#steer:12;;
#speed:100;;
#steer:13;;
#speed:100;;
#steer:16;;
#speed:100;;
#steer:19;;
#speed:100;;
#steer:22;;
#speed:100;;
#steer:25;;
#speed:100;;
#steer:28;;
#speed:100;;
#steer:31;;
#speed:100;;
#steer:31;;
#speed:100;;
#steer:33;;
#speed:100;;
#steer:33;;
#speed:100;;
#steer:33;;
#speed:100;;
#steer:33;;
#speed:100;;
#steer:34;;
#speed:100;;
#steer:34;;
#speed:100;;
#steer:34;;
#speed:100;;
#steer:36;;
#speed:100;;
#steer:36;;
#speed:100;;
#steer:36;;
#speed:100;;
#steer:37;;
#speed:100;;
#steer:37;;
#speed:100;;
#steer:37;;
#speed:100;;
#steer:37;;
#speed:100;;
#steer:37;;
#speed:100;;
#steer:37;;
#speed:100;;
#steer:37;;
#speed:100;;
#steer:37;;
#speed:100;;
#steer:37;;
#speed:100;;
#steer:37;;
#speed:100;;
#steer:37;;
#speed:100;;
#steer:37;;
#speed:100;;
#steer:39;;
#speed:100;;
#steer:39;;
#speed:100;;
#steer:39;;
#speed:100;;
#steer:39;;
#speed:100;;
#steer:40;;
#speed:100;;
#steer:40;;
#speed:100;;
#steer:40;;
#speed:100;;
#steer:42;;
#speed:100;;
#steer:42;;
#speed:100;;
#steer:42;;
#speed:100;;
#steer:42;;
#speed:100;;
#steer:42;;
#speed:100;;
#steer:43;;
#speed:100;;
#steer:43;;
#speed:100;;
#steer:43;;
#speed:100;;
#steer:45;;
#speed:100;;
#steer:45;;
#speed:100;;
#steer:45;;
#speed:100;;
#steer:45;;
#speed:100;;
#steer:45;;
#speed:100;;
#steer:45;;
#speed:100;;
#steer:46;;
#speed:100;;
#steer:46;;
#speed:100;;
#steer:46;;
#speed:100;;
#steer:45;;
#speed:100;;
#steer:45;;
#speed:100;;
#steer:45;;
#speed:100;;
#steer:45;;
#speed:100;;
#steer:45;;
#speed:100;;
#steer:43;;
#speed:100;;
#steer:43;;
#speed:100;;
#steer:43;;
#speed:100;;
#steer:43;;
#speed:100;;
#steer:43;;
#speed:100;;
#steer:43;;
#speed:100;;
#steer:43;;
#speed:100;;
#steer:42;;
#speed:100;;
#steer:42;;
#speed:100;;
#steer:42;;
#speed:100;;
#steer:43;;
#speed:100;;
#steer:45;;
#speed:100;;
#steer:42;;
#speed:100;;
#steer:40;;
#speed:100;;
#steer:39;;
#speed:100;;
#steer:39;;
#speed:100;;
#steer:39;;
#speed:100;;
#steer:37;;
#speed:100;;
#steer:37;;
#speed:100;;
#steer:37;;
#speed:100;;
#steer:37;;
#speed:100;;
#steer:36;;
#speed:100;;
#steer:36;;
#speed:100;;
#steer:36;;
#speed:100;;
#steer:34;;
#speed:100;;
#steer:33;;
#speed:100;;
#steer:33;;
#speed:100;;
#steer:31;;
#speed:100;;
#steer:31;;
#speed:100;;
#steer:30;;
#speed:100;;
#steer:30;;
#speed:100;;
#steer:28;;
#speed:100;;
#steer:27;;
#speed:100;;
#steer:27;;
#speed:100;;
#steer:28;;
#speed:100;;
#steer:27;;
#speed:100;;
#steer:28;;
#speed:100;;
#steer:28;;
#speed:100;;
#steer:28;;
#speed:100;;
#steer:28;;
#speed:100;;
#steer:28;;
#speed:100;;
#steer:28;;
#speed:100;;
#steer:28;;
#speed:100;;
#speed:100;;
#steer:28;;
#steer:28;;
#speed:100;;
#steer:28;;
#speed:100;;
#steer:28;;
#speed:100;;
#steer:28;;
#speed:100;;
#steer:27;;
#speed:100;;
#steer:27;;
#speed:100;;
#steer:27;;
#speed:100;;
#steer:27;;
#speed:100;;
#steer:25;;
#speed:100;;
#steer:25;;
#speed:100;;
#steer:25;;
#speed:100;;
#steer:24;;
#speed:100;;
#steer:24;;
#speed:100;;
#steer:24;;
#speed:100;;
#steer:22;;
#speed:100;;
#steer:22;;
#speed:100;;
#steer:21;;
#speed:100;;
#steer:21;;
#speed:100;;
#steer:19;;
#speed:100;;
#steer:19;;
#speed:100;;
#steer:18;;
#speed:100;;
#steer:16;;
#speed:100;;
#steer:16;;
#speed:100;;
#steer:15;;
#speed:100;;
#steer:15;;
#speed:100;;
#steer:13;;
#speed:100;;
#steer:13;;
#speed:100;;
#steer:12;;
#speed:100;;
#steer:10;;
#speed:100;;
#steer:10;;
#speed:100;;
#steer:9;;
#speed:100;;
#steer:9;;
#speed:100;;
#steer:7;;
#speed:100;;
#steer:6;;
#speed:100;;
#steer:4;;
#speed:100;;
#steer:3;;
#speed:100;;
#steer:1;;
#speed:100;;
#steer:-1;;
#speed:100;;
#steer:-3;;
#speed:100;;
#steer:-4;;
#speed:100;;
#steer:-6;;
#speed:100;;
#steer:-9;;
#speed:100;;
#steer:-10;;
#speed:100;;
#steer:-13;;
#speed:100;;
#steer:-15;;
#speed:100;;
#steer:-16;;
#speed:100;;
#steer:-19;;
#speed:100;;
#steer:-24;;
#speed:100;;
#steer:-28;;
#speed:100;;
#steer:-33;;
#speed:100;;
#steer:-37;;
#speed:100;;
#steer:-42;;
#speed:100;;
#steer:-46;;
#speed:100;;
#steer:-51;;
#speed:100;;
#steer:-57;;
#speed:100;;
#steer:-61;;
#speed:100;;
#steer:-67;;
#speed:100;;
#steer:-73;;
#speed:100;;
#steer:-78;;
#speed:100;;
#steer:-81;;
#speed:100;;
#steer:-85;;
#speed:100;;
#steer:-88;;
#speed:100;;
#steer:-91;;
#speed:100;;
#steer:-96;;
#speed:100;;
#steer:-99;;
#speed:100;;
#steer:-102;;
#speed:100;;
#steer:-105;;
#speed:100;;
#steer:-109;;
#speed:100;;
#steer:-114;;
#speed:100;;
#steer:-118;;
#speed:100;;
#steer:-123;;
#speed:100;;
#steer:-127;;
#speed:100;;
#steer:-133;;
#speed:100;;
#steer:-138;;
#speed:100;;
#steer:-144;;
#speed:100;;
#steer:-148;;
#speed:100;;
#steer:-153;;
#speed:100;;
#steer:-157;;
#speed:100;;
#steer:-163;;
#speed:100;;
#steer:-166;;
#speed:100;;
#steer:-169;;
#speed:100;;
#steer:-177;;
#speed:100;;
#steer:-183;;
#speed:100;;
#steer:-189;;
#speed:100;;
#steer:-195;;
#speed:100;;
#steer:-201;;
#speed:100;;
#steer:-205;;
#speed:100;;
#steer:-190;;
#speed:100;;
#steer:-163;;
#speed:100;;
#steer:-123;;
#speed:100;;
#steer:-96;;
#speed:100;;
#steer:-73;;
#speed:100;;
#steer:-73;;
#speed:100;;
#steer:-46;;
#speed:100;;
#steer:-52;;
#speed:100;;
#steer:-106;;
#speed:100;;
#steer:-193;;
#speed:100;;
#steer:-264;;
#speed:100;;
#steer:-265;;
#speed:100;;
#steer:-271;;
#speed:100;;
#steer:-274;;
#speed:100;;
#steer:-276;;
#speed:100;;
#steer:-276;;
#speed:100;;
#steer:-277;;
#speed:100;;
#steer:-279;;
#speed:100;;
#steer:-282;;
#speed:100;;
#steer:-292;;
#speed:100;;
#steer:-289;;
#speed:100;;
#steer:-289;;
#speed:100;;
#steer:-301;;
#speed:100;;
#steer:-312;;
#speed:100;;
#steer:-313;;
#speed:100;;
#steer:-318;;
#speed:100;;
#steer:-298;;
#speed:100;;
#steer:-297;;
#speed:100;;
#steer:-276;;
#speed:100;;
#steer:-250;;
#speed:100;;
#steer:-237;;
#speed:100;;
#steer:-216;;
#speed:100;;
#steer:-186;;
#speed:100;;
#steer:-204;;
#speed:100;;
#steer:-258;;
#speed:100;;
#steer:-262;;
#speed:100;;
#steer:-261;;
#speed:100;;
#steer:-249;;
#speed:100;;
#steer:-249;;
#speed:100;;
#steer:-246;;
#speed:100;;
#steer:-231;;
#speed:100;;
#steer:-228;;
#speed:100;;
#steer:-238;;
#speed:100;;
#steer:-235;;
#speed:100;;
#steer:-213;;
#speed:100;;
#steer:-232;;
#speed:100;;
#steer:-232;;
#speed:100;;
#steer:-244;;
#speed:100;;
#steer:-231;;
#speed:100;;
#steer:-216;;
#speed:100;;
#steer:-243;;
#speed:100;;
#steer:-213;;
#speed:100;;
#steer:-219;;
#speed:100;;
#steer:-231;;
#speed:100;;
#steer:-238;;
#speed:100;;
#steer:-226;;
#speed:100;;
#steer:-253;;
#speed:100;;
#steer:-244;;
#speed:100;;
#steer:-247;;
#speed:100;;
#steer:-258;;
#speed:100;;
#steer:-256;;
#speed:100;;
#steer:-258;;
#speed:100;;
#steer:-261;;
#speed:100;;
#steer:-255;;
#speed:100;;
#steer:-273;;
#speed:100;;
#steer:-285;;
#speed:100;;
#steer:-279;;
#speed:100;;
#steer:-304;;
#speed:100;;
#steer:-307;;
#speed:100;;
#steer:-301;;
#speed:100;;
#steer:-309;;
#speed:100;;
#steer:-310;;
#speed:100;;
#steer:-319;;
#speed:100;;
#steer:-315;;
#speed:100;;
#steer:-322;;
#speed:100;;
#steer:-319;;
#speed:100;;
#steer:-325;;
#speed:100;;
#steer:-325;;
#speed:100;;
#steer:-322;;
#speed:100;;
#steer:-325;;
#speed:100;;
#steer:-321;;
#speed:100;;
#steer:-313;;
#speed:100;;
#steer:-312;;
#speed:100;;
#steer:-306;;
#speed:100;;
#steer:-303;;
#speed:100;;
#steer:-301;;
#speed:100;;
#steer:-300;;
#speed:100;;
#steer:-297;;
#speed:100;;
#steer:-295;;
#speed:100;;
#steer:-292;;
#speed:100;;
#steer:-292;;
#speed:100;;
#steer:-291;;
#speed:100;;
#steer:-288;;
#speed:100;;
#steer:-285;;
#speed:100;;
#steer:-282;;
#speed:100;;
#steer:-279;;
#speed:100;;
#steer:-277;;
#speed:100;;
#steer:-274;;
#speed:100;;
#steer:-271;;
#speed:100;;
#steer:-268;;
#speed:100;;
#steer:-265;;
#speed:100;;
#steer:-264;;
#speed:100;;
#steer:-261;;
#speed:100;;
#steer:-255;;
#speed:100;;
#steer:-250;;
#speed:100;;
#steer:-246;;
#speed:100;;
#steer:-241;;
#speed:100;;
#steer:-235;;
#speed:100;;
#steer:-229;;
#speed:100;;
#steer:-223;;
#speed:100;;
#steer:-217;;
#speed:100;;
#steer:-211;;
#speed:100;;
#steer:-207;;
#speed:100;;
#steer:-201;;
#speed:100;;
#steer:-196;;
#speed:100;;
#steer:-192;;
#speed:100;;
#steer:-186;;
#speed:100;;
#steer:-180;;
#speed:100;;
#steer:-174;;
#speed:100;;
#steer:-171;;
#speed:100;;
#steer:-163;;
#speed:100;;
#steer:-156;;
#speed:100;;
#steer:-150;;
#speed:100;;
#steer:-144;;
#speed:100;;
#steer:-138;;
#speed:100;;
#steer:-133;;
#speed:100;;
#steer:-127;;
#speed:100;;
#steer:-123;;
#speed:100;;
#steer:-117;;
#speed:100;;
#steer:-111;;
#speed:100;;
#steer:-106;;
#speed:100;;
#steer:-100;;
#speed:100;;
#steer:-94;;
#speed:100;;
#steer:-90;;
#speed:100;;
#steer:-84;;
#speed:100;;
#steer:-79;;
#speed:100;;
#steer:-75;;
#speed:100;;
#steer:-69;;
#speed:100;;
#steer:-64;;
#speed:100;;
#steer:-60;;
#speed:100;;
#steer:-54;;
#speed:100;;
#steer:-48;;
#speed:100;;
#steer:-43;;
#speed:100;;
#steer:-36;;
#speed:100;;
#steer:-30;;
#speed:100;;
#steer:-22;;
#speed:100;;
#steer:-19;;
#speed:100;;
#steer:-13;;
#speed:100;;
#steer:-9;;
#speed:100;;
#steer:-3;;
#speed:100;;
#steer:-1;;
#speed:100;;
#steer:4;;
#speed:100;;
#steer:6;;
#speed:100;;
#steer:15;;
#speed:100;;
#steer:15;;
#speed:100;;
#steer:21;;
#speed:100;;
#steer:22;;
#speed:100;;
#steer:33;;
#speed:100;;
#steer:36;;
#speed:100;;
#steer:39;;
#speed:100;;
#steer:42;;
#speed:100;;
#steer:43;;
#speed:100;;
#steer:45;;
#speed:100;;
#steer:48;;
#speed:100;;
#steer:46;;
#speed:100;;
#steer:45;;
#speed:100;;
#steer:12;;
#speed:100;;
#steer:15;;
#speed:100;;
#steer:21;;
#speed:100;;
#steer:21;;
#speed:100;;
#steer:43;;
#speed:100;;
#steer:34;;
#speed:100;;
#steer:91;;
#speed:100;;
#steer:133;;
#speed:100;;
#steer:141;;
#speed:100;;
#steer:136;;
#speed:100;;
#steer:115;;
#speed:100;;
#brake:0;;
#steer:73;;
#speed:100;;
#steer:42;;
#speed:100;;
#kl:15;;
#instant:1;;
#battery:1;;
#imu:1;;
#resourceMonitor:1;;
#kl:30;;
#instant:1;;
#battery:1;;
#imu:1;;
#resourceMonitor:1;;
#steer:-3;;
#speed:100;;
#steer:-3;;
#speed:100;;
#steer:-1;;
#speed:100;;
#steer:-1;;
#speed:100;;
#steer:-3;;
#speed:100;;
#steer:-3;;
#speed:100;;
#steer:-3;;
#speed:100;;
#steer:-1;;
#speed:100;;
#steer:-3;;
#speed:100;;
#steer:-3;;
#speed:100;;
#steer:-3;;
#speed:100;;
#steer:-4;;
#speed:100;;
#steer:-4;;
#speed:100;;
#steer:-3;;
#speed:100;;
#steer:-3;;
#speed:100;;
#steer:-3;;
#speed:100;;
#steer:-3;;
#speed:100;;
#steer:-3;;
#speed:100;;
#steer:-3;;
#speed:100;;
#steer:-3;;
#speed:100;;
#steer:-3;;
#speed:100;;
#steer:-3;;
#speed:100;;
#steer:-3;;
#speed:100;;
#steer:-3;;
#speed:100;;
#steer:-3;;
#speed:100;;
#steer:-3;;
#speed:100;;
#steer:-3;;
#speed:100;;
#steer:-3;;
#speed:100;;
#steer:-3;;
#speed:100;;
#steer:-3;;
#speed:100;;
#steer:-3;;
#speed:100;;
#steer:-3;;
#speed:100;;
#steer:-3;;
#speed:100;;
#steer:-4;;
#speed:100;;
#steer:-4;;
#speed:100;;
#steer:-4;;
#speed:100;;
#steer:-4;;
#speed:100;;
#steer:-3;;
#speed:100;;
#steer:-3;;
#speed:100;;
#steer:-3;;
#speed:100;;
#steer:-3;;
#speed:100;;
#steer:-3;;
#speed:100;;
#steer:-1;;
#speed:100;;
#steer:-1;;
#speed:100;;
#steer:-1;;
#speed:100;;
#steer:0;;
#speed:100;;
#steer:0;;
#speed:100;;
#steer:1;;
#speed:100;;
#steer:1;;
#speed:100;;
#steer:3;;
#speed:100;;
#steer:4;;
#speed:100;;
#steer:4;;
#speed:100;;
#steer:6;;
#speed:100;;
#steer:7;;
#speed:100;;
#steer:9;;
#speed:100;;
#steer:10;;
#speed:100;;
#steer:12;;
#speed:100;;
#steer:15;;
#speed:100;;
#steer:16;;
#speed:100;;
#steer:18;;
#speed:100;;
#steer:21;;
#speed:100;;
#steer:24;;
#speed:100;;
#steer:25;;
#speed:100;;
#steer:28;;
#speed:100;;
#steer:31;;
#speed:100;;
#steer:34;;
#speed:100;;
#steer:37;;
#speed:100;;
#steer:40;;
#speed:100;;
#steer:45;;
#speed:100;;
#steer:48;;
#speed:100;;
#steer:52;;
#speed:100;;
#steer:57;;
#speed:100;;
#steer:60;;
#speed:100;;
#steer:64;;
#speed:100;;
#steer:66;;
#speed:100;;
#steer:70;;
#speed:100;;
#steer:72;;
#speed:100;;
#steer:76;;
#speed:100;;
#steer:79;;
#speed:100;;
#steer:79;;
#speed:100;;
#steer:84;;
#speed:100;;
#steer:87;;
#speed:100;;
#steer:88;;
#speed:100;;
#steer:93;;
#speed:100;;
#steer:97;;
#speed:100;;
#steer:99;;
#speed:100;;
#steer:103;;
#speed:100;;
#steer:106;;
#speed:100;;
#steer:111;;
#speed:100;;
#steer:115;;
#speed:100;;
#steer:120;;
#speed:100;;
#steer:124;;
#speed:100;;
#steer:120;;
#speed:100;;
#steer:121;;
#speed:100;;
#steer:136;;
#speed:100;;
#steer:136;;
#speed:100;;
#steer:121;;
#speed:100;;
#steer:130;;
#speed:100;;
#steer:148;;
#speed:100;;
#steer:159;;
#speed:100;;
#steer:166;;
#speed:100;;
#steer:171;;
#speed:100;;
#steer:172;;
#speed:100;;
#steer:180;;
#speed:100;;
#steer:184;;
#speed:100;;
#steer:189;;
#speed:100;;
#steer:195;;
#speed:100;;
#steer:199;;
#speed:100;;
#steer:205;;
#speed:100;;
#steer:210;;
#speed:100;;
#steer:213;;
#speed:100;;
#steer:217;;
#speed:100;;
#steer:222;;
#speed:100;;
#steer:220;;
#speed:100;;
#steer:222;;
#speed:100;;
#steer:222;;
#speed:100;;
#steer:222;;
#speed:100;;
#steer:226;;
#speed:100;;
#steer:225;;
#speed:100;;
#steer:223;;
#speed:100;;
#steer:223;;
#speed:100;;
#steer:223;;
#speed:100;;
#steer:223;;
#speed:100;;
#steer:222;;
#speed:100;;
#steer:219;;
#speed:100;;
#steer:225;;
#speed:100;;
#steer:222;;
#speed:100;;
#steer:219;;
#speed:100;;
#steer:220;;
#speed:100;;
#steer:220;;
#speed:100;;
#steer:222;;
#speed:100;;
#steer:223;;
#speed:100;;
#steer:225;;
#speed:100;;
#steer:226;;
#speed:100;;
#steer:226;;
#speed:100;;
#steer:226;;
#speed:100;;
#steer:222;;
#speed:100;;
#steer:219;;
#speed:100;;
#steer:219;;
#speed:100;;
#steer:219;;
#speed:100;;
#steer:217;;
#speed:100;;
#steer:216;;
#speed:100;;
#steer:217;;
#speed:100;;
#steer:217;;
#speed:100;;
#steer:216;;
#speed:100;;
#steer:211;;
#speed:100;;
#steer:208;;
#speed:100;;
#steer:208;;
#speed:100;;
#steer:208;;
#speed:100;;
#steer:207;;
#speed:100;;
#steer:205;;
#speed:100;;
#steer:205;;
#speed:100;;
#steer:202;;
#speed:100;;
#steer:198;;
#speed:100;;
#steer:195;;
#speed:100;;
#steer:192;;
#speed:100;;
#steer:186;;
#speed:100;;
#steer:183;;
#speed:100;;
#steer:181;;
#speed:100;;
#steer:178;;
#speed:100;;
#steer:175;;
#speed:100;;
#steer:172;;
#speed:100;;
#steer:172;;
#speed:100;;
#steer:169;;
#speed:100;;
#steer:166;;
#speed:100;;
#steer:165;;
#speed:100;;
#steer:162;;
#speed:100;;
#steer:157;;
#speed:100;;
#steer:153;;
#speed:100;;
#steer:151;;
#speed:100;;
#steer:150;;
#speed:100;;
#steer:148;;
#speed:100;;
#steer:148;;
#speed:100;;
#steer:147;;
#speed:100;;
#steer:147;;
#speed:100;;
#steer:144;;
#speed:100;;
#steer:141;;
#speed:100;;
#steer:141;;
#speed:100;;
#steer:141;;
#speed:100;;
#steer:141;;
#speed:100;;
#steer:139;;
#speed:100;;
#steer:139;;
#speed:100;;
#steer:139;;
#speed:100;;
#steer:139;;
#speed:100;;
#steer:139;;
#speed:100;;
#steer:138;;
#speed:100;;
#steer:138;;
#speed:100;;
#steer:138;;
#speed:100;;
#steer:138;;
#speed:100;;
#steer:136;;
#speed:100;;
#steer:133;;
#speed:100;;
#steer:133;;
#speed:100;;
#steer:132;;
#speed:100;;
#steer:130;;
#speed:100;;
#steer:130;;
#speed:100;;
#steer:130;;
#speed:100;;
#steer:130;;
#speed:100;;
#steer:130;;
#speed:100;;
#steer:132;;
#speed:100;;
#steer:132;;
#speed:100;;
#steer:132;;
#speed:100;;
#steer:132;;
#speed:100;;
#steer:133;;
#speed:100;;
#steer:135;;
#speed:100;;
#steer:136;;
#speed:100;;
#steer:135;;
#speed:100;;
#steer:136;;
#speed:100;;
#steer:136;;
#speed:100;;
#steer:136;;
#speed:100;;
#steer:136;;
#speed:100;;
#steer:136;;
#speed:100;;
#steer:135;;
#speed:100;;
#steer:135;;
#speed:100;;
#steer:133;;
#speed:100;;
#steer:135;;
#speed:100;;
#steer:133;;
#speed:100;;
#steer:132;;
#speed:100;;
#steer:132;;
#speed:100;;
#steer:129;;
#speed:100;;
#steer:127;;
#speed:100;;
#steer:126;;
#speed:100;;
#steer:124;;
#speed:100;;
#steer:124;;
#speed:100;;
#steer:123;;
#speed:100;;
#steer:121;;
#speed:100;;
#steer:120;;
#speed:100;;
#steer:118;;
#speed:100;;
#steer:117;;
#speed:100;;
#steer:115;;
#speed:100;;
#steer:115;;
#speed:100;;
#steer:114;;
#speed:100;;
#steer:112;;
#speed:100;;
#steer:111;;
#speed:100;;
#steer:109;;
#speed:100;;
#steer:108;;
#speed:100;;
#steer:106;;
#speed:100;;
#steer:103;;
#speed:100;;
#steer:102;;
#speed:100;;
#steer:99;;
#speed:100;;
#steer:96;;
#speed:100;;
#steer:94;;
#speed:100;;
#steer:90;;
#speed:100;;
#steer:87;;
#speed:100;;
#steer:84;;
#speed:100;;
#steer:81;;
#speed:100;;
#steer:76;;
#speed:100;;
#steer:70;;
#speed:100;;
#steer:63;;
#speed:100;;
#steer:57;;
#speed:100;;
#steer:49;;
#speed:100;;
#steer:45;;
#speed:100;;
#steer:37;;
#speed:100;;
#steer:31;;
#speed:100;;
#steer:27;;
#speed:100;;
#steer:25;;
#speed:100;;
#steer:21;;
#speed:100;;
#steer:18;;
#speed:100;;
#steer:15;;
#speed:100;;
#steer:10;;
#speed:100;;
#steer:9;;
#speed:100;;
#steer:6;;
#speed:100;;
#steer:1;;
#speed:100;;
#steer:-3;;
#speed:100;;
#steer:-9;;
#speed:100;;
#steer:-15;;
#speed:100;;
#steer:-21;;
#speed:100;;
#steer:-27;;
#speed:100;;
#steer:-34;;
#speed:100;;
#steer:-39;;
#speed:100;;
#steer:-42;;
#speed:100;;
#steer:-45;;
#speed:100;;
#steer:-48;;
#speed:100;;
#steer:-51;;
#speed:100;;
#steer:-52;;
#speed:100;;
#steer:-55;;
#speed:100;;
#steer:-57;;
#speed:100;;
#steer:-58;;
#speed:100;;
#steer:-61;;
#speed:100;;
#steer:-63;;
#speed:100;;
#steer:-63;;
#speed:100;;
#steer:-64;;
#speed:100;;
#steer:-64;;
#speed:100;;
#steer:-66;;
#speed:100;;
#steer:-66;;
#speed:100;;
#steer:-67;;
#speed:100;;
#steer:-69;;
#speed:100;;
#steer:-69;;
#speed:100;;
#steer:-70;;
#speed:100;;
#steer:-72;;
#speed:100;;
#steer:-72;;
#speed:100;;
#steer:-72;;
#speed:100;;
#steer:-73;;
#speed:100;;
#steer:-73;;
#speed:100;;
#steer:-72;;
#speed:100;;
#steer:-72;;
#speed:100;;
#steer:-72;;
#speed:100;;
#steer:-70;;
#speed:100;;
#steer:-70;;
#speed:100;;
#steer:-69;;
#speed:100;;
#steer:-69;;
#speed:100;;
#steer:-69;;
#speed:100;;
#steer:-69;;
#speed:100;;
#steer:-67;;
#speed:100;;
#steer:-69;;
#speed:100;;
#steer:-69;;
#speed:100;;
#steer:-67;;
#speed:100;;
#steer:-67;;
#speed:100;;
#steer:-66;;
#speed:100;;
#steer:-66;;
#speed:100;;
#steer:-64;;
#speed:100;;
#steer:-64;;
#speed:100;;
#steer:-61;;
#speed:100;;
#steer:-61;;
#speed:100;;
#steer:-60;;
#speed:100;;
#steer:-58;;
#speed:100;;
#steer:-58;;
#speed:100;;
#steer:-57;;
#speed:100;;
#steer:-55;;
#speed:100;;
#steer:-54;;
#speed:100;;
#steer:-51;;
#speed:100;;
#steer:-51;;
#speed:100;;
#steer:-48;;
#speed:100;;
#steer:-46;;
#speed:100;;
#steer:-45;;
#speed:100;;
#steer:-45;;
#speed:100;;
#steer:-42;;
#speed:100;;
#steer:-39;;
#speed:100;;
#steer:-39;;
#speed:100;;
#steer:-37;;
#speed:100;;
#steer:-36;;
#speed:100;;
#steer:-33;;
#speed:100;;
#steer:-31;;
#speed:100;;
#steer:-30;;
#speed:100;;
#steer:-27;;
#speed:100;;
#steer:-25;;
#speed:100;;
#steer:-25;;
#speed:100;;
#steer:-22;;
#speed:100;;
#steer:-21;;
#speed:100;;
#steer:-19;;
#speed:100;;
#steer:-16;;
#speed:100;;
#steer:-15;;
#speed:100;;
#steer:-10;;
#speed:100;;
#steer:-9;;
#speed:100;;
#steer:-6;;
#speed:100;;
#steer:-4;;
#speed:100;;
#steer:-1;;
#speed:100;;
#steer:0;;
#speed:100;;
#steer:3;;
#speed:100;;
#steer:3;;
#speed:100;;
#steer:4;;
#speed:100;;
#steer:6;;
#speed:100;;
#steer:6;;
#speed:100;;
#steer:7;;
#speed:100;;
#steer:9;;
#speed:100;;
#steer:6;;
#speed:100;;
#steer:10;;
#speed:100;;
#steer:12;;
#speed:100;;
#steer:9;;
#speed:100;;
#steer:18;;
#speed:100;;
#steer:24;;
#speed:100;;
#steer:19;;
#speed:100;;
#steer:3;;
#speed:100;;
#steer:3;;
#speed:100;;
#steer:-7;;
#speed:100;;
#steer:-43;;
#speed:100;;
#steer:-102;;
#speed:100;;
#steer:-166;;
#speed:100;;
#steer:-186;;
#speed:100;;
#steer:-192;;
#speed:100;;
#steer:-166;;
#speed:100;;
#steer:-94;;
#speed:100;;
#steer:-81;;
#speed:100;;
#steer:-90;;
#speed:100;;
#steer:-46;;
#speed:100;;
#steer:238;;
#speed:100;;
#steer:120;;
#speed:100;;
#steer:90;;
#speed:100;;
#steer:30;;
#speed:100;;
#steer:-12;;
#speed:100;;
#steer:-199;;
#speed:100;;
#steer:-241;;
#speed:100;;
#steer:-319;;
#speed:100;;
#steer:-133;;
#speed:100;;
#steer:-184;;
#speed:100;;
#steer:-147;;
#speed:100;;
#steer:-168;;
#speed:100;;
#steer:-168;;
#speed:100;;
#steer:-178;;
#speed:100;;
#steer:-169;;
#speed:100;;
#steer:-166;;
#speed:100;;
#steer:-160;;
#speed:100;;
#steer:-112;;
#speed:100;;
#steer:-120;;
#speed:100;;
#steer:-159;;
#speed:100;;
#steer:-106;;
#speed:100;;
#steer:-142;;
#speed:100;;
#steer:-82;;
#speed:100;;
#steer:-76;;
#speed:100;;
#steer:-102;;
#speed:100;;
#steer:-84;;
#speed:100;;
#steer:33;;
#speed:100;;
#steer:-97;;
#speed:100;;
#steer:-163;;
#speed:100;;
#steer:24;;
#speed:100;;
#steer:93;;
#speed:100;;
#steer:76;;
#speed:100;;
#kl:15;;
#instant:1;;
#battery:1;;
#imu:1;;
#resourceMonitor:1;;
#kl:0;;
#kl:30;;
#instant:1;;
#battery:1;;
#imu:1;;
#resourceMonitor:1;;
#speed:100;;
#steer:-42;;
#speed:100;;
#steer:-40;;
#speed:100;;
#steer:-43;;
#speed:100;;
#steer:-46;;
#speed:100;;
#steer:-49;;
#speed:100;;
#steer:-54;;
#speed:100;;
#steer:-58;;
#speed:100;;
#steer:-61;;
#speed:100;;
#steer:-64;;
#speed:100;;
#steer:-69;;
#speed:100;;
#steer:-73;;
#speed:100;;
#steer:-78;;
#speed:100;;
#steer:-82;;
#speed:100;;
#steer:-85;;
#speed:100;;
#steer:-90;;
#speed:100;;
#steer:-93;;
#speed:100;;
#steer:-97;;
#speed:100;;
#steer:-99;;
#speed:100;;
#steer:-102;;
#speed:100;;
#steer:-106;;
#speed:100;;
#steer:-109;;
#speed:100;;
#steer:-112;;
#speed:100;;
#steer:-115;;
#speed:100;;
#steer:-118;;
#speed:100;;
#steer:-121;;
#speed:100;;
#steer:-123;;
#speed:100;;
#steer:-126;;
#speed:100;;
#steer:-129;;
#speed:100;;
#steer:-132;;
#speed:100;;
#steer:-133;;
#speed:100;;
#steer:-136;;
#speed:100;;
#steer:-138;;
#speed:100;;
#steer:-141;;
#speed:100;;
#steer:-142;;
#speed:100;;
#steer:-144;;
#speed:100;;
#steer:-147;;
#speed:100;;
#steer:-148;;
#speed:100;;
#steer:-150;;
#speed:100;;
#steer:-151;;
#speed:100;;
#steer:-153;;
#speed:100;;
#steer:-154;;
#speed:100;;
#steer:-156;;
#speed:100;;
#steer:-157;;
#speed:100;;
#steer:-157;;
#speed:100;;
#steer:-157;;
#speed:100;;
#steer:-156;;
#speed:100;;
#steer:-153;;
#speed:100;;
#steer:-151;;
#speed:100;;
#steer:-150;;
#speed:100;;
#steer:-147;;
#speed:100;;
#steer:-145;;
#speed:100;;
#steer:-142;;
#speed:100;;
#steer:-139;;
#speed:100;;
#steer:-136;;
#speed:100;;
#steer:-133;;
#speed:100;;
#steer:-130;;
#speed:100;;
#steer:-127;;
#speed:100;;
#steer:-123;;
#speed:100;;
#steer:-120;;
#speed:100;;
#steer:-115;;
#speed:100;;
#steer:-111;;
#speed:100;;
#steer:-106;;
#speed:100;;
#steer:-102;;
#speed:100;;
#steer:-97;;
#speed:100;;
#steer:-93;;
#speed:100;;
#steer:-88;;
#speed:100;;
#steer:-84;;
#speed:100;;
#steer:-78;;
#speed:100;;
#steer:-72;;
#speed:100;;
#steer:-64;;
#speed:100;;
#steer:-58;;
#speed:100;;
#steer:-52;;
#speed:100;;
#steer:-43;;
#speed:100;;
#steer:-33;;
#speed:100;;
#steer:-24;;
#speed:100;;
#steer:-13;;
#speed:100;;
#steer:0;;
#speed:100;;
#steer:9;;
#speed:100;;
#steer:18;;
#speed:100;;
#steer:27;;
#speed:100;;
#steer:36;;
#speed:100;;
#steer:46;;
#speed:100;;
#steer:57;;
#speed:100;;
#steer:70;;
#speed:100;;
#steer:82;;
#speed:100;;
#steer:93;;
#speed:100;;
#steer:99;;
#speed:100;;
#steer:102;;
#speed:100;;
#steer:106;;
#speed:100;;
#steer:112;;
#speed:100;;
#steer:117;;
#speed:100;;
#steer:121;;
#speed:100;;
#steer:124;;
#speed:100;;
#steer:129;;
#speed:100;;
#steer:133;;
#speed:100;;
#steer:138;;
#speed:100;;
#steer:142;;
#speed:100;;
#steer:144;;
#speed:100;;
#steer:145;;
#speed:100;;
#steer:145;;
#speed:100;;
#steer:150;;
#speed:100;;
#steer:153;;
#speed:100;;
#steer:160;;
#speed:100;;
#steer:166;;
#speed:100;;
#steer:177;;
#speed:100;;
#steer:180;;
#speed:100;;
#steer:184;;
#speed:100;;
#steer:190;;
#speed:100;;
#steer:192;;
#speed:100;;
#steer:196;;
#speed:100;;
#steer:201;;
#speed:100;;
#steer:204;;
#speed:100;;
#steer:207;;
#speed:100;;
#steer:210;;
#speed:100;;
#steer:213;;
#speed:100;;
#steer:216;;
#speed:100;;
#steer:219;;
#speed:100;;
#steer:222;;
#speed:100;;
#steer:226;;
#speed:100;;
#steer:228;;
#speed:100;;
#steer:231;;
#speed:100;;
#steer:234;;
#speed:100;;
#steer:235;;
#speed:100;;
#steer:238;;
#speed:100;;
#steer:240;;
#speed:100;;
#steer:241;;
#speed:100;;
#steer:241;;
#speed:100;;
#steer:241;;
#speed:100;;
#steer:241;;
#speed:100;;
#steer:241;;
#speed:100;;
#steer:240;;
#speed:100;;
#steer:240;;
#speed:100;;
#steer:240;;
#speed:100;;
#steer:241;;
#speed:100;;
#steer:243;;
#speed:100;;
#steer:244;;
#speed:100;;
#steer:243;;
#speed:100;;
#steer:247;;
#speed:100;;
#steer:246;;
#speed:100;;
#steer:246;;
#speed:100;;
#steer:247;;
#speed:100;;
#steer:246;;
#speed:100;;
#steer:247;;
#speed:100;;
#steer:249;;
#speed:100;;
#steer:250;;
#speed:100;;
#steer:252;;
#speed:100;;
#steer:250;;
#speed:100;;
#steer:250;;
#speed:100;;
#steer:252;;
#speed:100;;
#steer:252;;
#speed:100;;
#steer:253;;
#speed:100;;
#steer:256;;
#speed:100;;
#steer:255;;
#speed:100;;
#steer:258;;
#speed:100;;
#steer:258;;
#speed:100;;
#steer:258;;
#speed:100;;
#steer:259;;
#speed:100;;
#steer:258;;
#speed:100;;
#steer:255;;
#speed:100;;
#steer:258;;
#speed:100;;
#steer:262;;
#speed:100;;
#steer:255;;
#speed:100;;
#steer:247;;
#speed:100;;
#steer:252;;
#speed:100;;
#steer:258;;
#speed:100;;
#steer:259;;
#speed:100;;
#steer:261;;
#speed:100;;
#steer:261;;
#speed:100;;
#steer:259;;
#speed:100;;
#steer:255;;
#speed:100;;
#steer:255;;
#speed:100;;
#steer:252;;
#speed:100;;
#steer:244;;
#speed:100;;
#steer:238;;
#speed:100;;
#steer:240;;
#speed:100;;
#steer:237;;
#speed:100;;
#steer:237;;
#speed:100;;
#steer:235;;
#speed:100;;
#steer:235;;
#speed:100;;
#steer:235;;
#speed:100;;
#steer:234;;
#speed:100;;
#steer:234;;
#speed:100;;
#steer:234;;
#speed:100;;
#steer:234;;
#speed:100;;
#steer:234;;
#speed:100;;
#steer:238;;
#speed:100;;
#steer:237;;
#speed:100;;
#steer:238;;
#speed:100;;
#steer:238;;
#speed:100;;
#steer:235;;
#speed:100;;
#steer:234;;
#speed:100;;
#steer:232;;
#speed:100;;
#steer:232;;
#speed:100;;
#steer:232;;
#speed:100;;
#steer:231;;
#speed:100;;
#steer:231;;
#speed:100;;
#steer:231;;
#speed:100;;
#steer:232;;
#speed:100;;
#steer:232;;
#speed:100;;
#steer:232;;
#speed:100;;
#steer:234;;
#speed:100;;
#steer:235;;
#speed:100;;
#steer:237;;
#speed:100;;
#steer:235;;
#speed:100;;
#steer:235;;
#speed:100;;
#steer:235;;
#speed:100;;
#steer:237;;
#speed:100;;
#steer:237;;
#speed:100;;
#steer:237;;
#speed:100;;
#steer:238;;
#speed:100;;
#steer:238;;
#speed:100;;
#steer:238;;
#speed:100;;
#steer:238;;
#speed:100;;
#steer:237;;
#speed:100;;
#steer:237;;
#speed:100;;
#steer:235;;
#speed:100;;
#steer:234;;
#speed:100;;
#steer:232;;
#speed:100;;
#steer:229;;
#speed:100;;
#steer:226;;
#speed:100;;
#steer:223;;
#speed:100;;
#steer:222;;
#speed:100;;
#steer:219;;
#speed:100;;
#steer:216;;
#speed:100;;
#steer:211;;
#speed:100;;
#steer:207;;
#speed:100;;
#steer:204;;
#speed:100;;
#steer:198;;
#speed:100;;
#steer:193;;
#speed:100;;
#steer:189;;
#speed:100;;
#steer:184;;
#speed:100;;
#steer:181;;
#speed:100;;
#steer:178;;
#speed:100;;
#steer:175;;
#speed:100;;
#steer:171;;
#speed:100;;
#steer:166;;
#speed:100;;
#steer:162;;
#speed:100;;
#steer:157;;
#speed:100;;
#steer:153;;
#speed:100;;
#steer:150;;
#speed:100;;
#steer:145;;
#speed:100;;
#steer:141;;
#speed:100;;
#steer:138;;
#speed:100;;
#steer:133;;
#speed:100;;
#steer:130;;
#speed:100;;
#steer:127;;
#speed:100;;
#steer:124;;
#speed:100;;
#steer:120;;
#speed:100;;
#steer:115;;
#speed:100;;
#steer:112;;
#speed:100;;
#steer:108;;
#speed:100;;
#steer:103;;
#speed:100;;
#steer:97;;
#speed:100;;
#steer:93;;
#speed:100;;
#steer:87;;
#speed:100;;
#steer:79;;
#speed:100;;
#steer:73;;
#speed:100;;
#steer:66;;
#speed:100;;
#steer:57;;
#speed:100;;
#steer:51;;
#speed:100;;
#steer:45;;
#speed:100;;
#steer:39;;
#speed:100;;
#steer:34;;
#speed:100;;
#steer:30;;
#speed:100;;
#steer:25;;
#speed:100;;
#steer:19;;
#speed:100;;
#steer:15;;
#speed:100;;
#steer:9;;
#speed:100;;
#steer:1;;
#speed:100;;
#steer:-6;;
#speed:100;;
#steer:-13;;
#speed:100;;
#steer:-21;;
#speed:100;;
#steer:-30;;
#speed:100;;
#steer:-39;;
#speed:100;;
#steer:-48;;
#speed:100;;
#steer:-58;;
#speed:100;;
#steer:-69;;
#speed:100;;
#steer:-78;;
#speed:100;;
#steer:-85;;
#speed:100;;
#steer:-94;;
#speed:100;;
#steer:-102;;
#speed:100;;
#steer:-103;;
#speed:100;;
#steer:-105;;
#speed:100;;
#steer:-106;;
#speed:100;;
#steer:-108;;
#speed:100;;
#steer:-109;;
#speed:100;;
#steer:-111;;
#speed:100;;
#steer:-111;;
#speed:100;;
#steer:-112;;
#speed:100;;
#steer:-112;;
#speed:100;;
#steer:-114;;
#speed:100;;
#steer:-115;;
#speed:100;;
#steer:-115;;
#speed:100;;
#steer:-115;;
#speed:100;;
#steer:-115;;
#speed:100;;
#steer:-115;;
#speed:100;;
#steer:-115;;
#speed:100;;
#steer:-115;;
#speed:100;;
#steer:-114;;
#speed:100;;
#steer:-114;;
#speed:100;;
#steer:-114;;
#speed:100;;
#steer:-112;;
#speed:100;;
#steer:-112;;
#speed:100;;
#steer:-111;;
#speed:100;;
#steer:-111;;
#speed:100;;
#steer:-109;;
#speed:100;;
#steer:-109;;
#speed:100;;
#steer:-109;;
#speed:100;;
#steer:-108;;
#speed:100;;
#steer:-108;;
#speed:100;;
#steer:-106;;
#speed:100;;
#steer:-105;;
#speed:100;;
#steer:-105;;
#speed:100;;
#steer:-103;;
#speed:100;;
#steer:-102;;
#speed:100;;
#steer:-99;;
#speed:100;;
#steer:-97;;
#speed:100;;
#steer:-96;;
#speed:100;;
#steer:-94;;
#speed:100;;
#steer:-90;;
#speed:100;;
#steer:-87;;
#speed:100;;
#steer:-84;;
#speed:100;;
#steer:-84;;
#speed:100;;
#steer:-81;;
#speed:100;;
#steer:-78;;
#speed:100;;
#steer:-75;;
#speed:100;;
#steer:-73;;
